Using pre-set license
Built from '2020.3/staging' branch; Version is '2020.3.5f1 (8095aa901b9b) revision 8426922'; Using compiler version '192528614'; Build Type 'Release'
OS: 'Windows 10 Home; OS build 19042.1083; Version 2009; 64bit' Language: 'ru' Physical Memory: 8034 MB
BatchMode: 1, IsHumanControllingUs: 0, StartBugReporterOnCrash: 0, Is64bit: 1, IsPro: 0

 COMMAND LINE ARGUMENTS:
C:\Program Files\Unity\Hub\Editor\2020.3.5f1\Editor\Unity.exe
-adb2
-batchMode
-noUpm
-name
AssetImportWorker0
-projectPath
C:/Users/pavel/AppData/Local/Unity/Projects/Health Bar
-logFile
Logs/AssetImportWorker0.log
-srvPort
54342
Successfully changed project path to: C:/Users/pavel/AppData/Local/Unity/Projects/Health Bar
C:/Users/pavel/AppData/Local/Unity/Projects/Health Bar
Using Asset Import Pipeline V2.
Refreshing native plugins compatible for Editor in 36.30 ms, found 1 plugins.
Preloading 0 native plugins for Editor in 0.00 ms.
Initialize engine version: 2020.3.5f1 (8095aa901b9b)
[Subsystems] Discovering subsystems at path C:/Program Files/Unity/Hub/Editor/2020.3.5f1/Editor/Data/Resources/UnitySubsystems
[Subsystems] Discovering subsystems at path C:/Users/pavel/AppData/Local/Unity/Projects/Health Bar/Assets
GfxDevice: creating device client; threaded=0
Direct3D:
    Version:  Direct3D 11.0 [level 11.1]
    Renderer: NVIDIA GeForce GTX 1650 Ti (ID=0x1f95)
    Vendor:   
    VRAM:     3962 MB
    Driver:   26.21.14.4223
Initialize mono
Mono path[0] = 'C:/Program Files/Unity/Hub/Editor/2020.3.5f1/Editor/Data/Managed'
Mono path[1] = 'C:/Program Files/Unity/Hub/Editor/2020.3.5f1/Editor/Data/MonoBleedingEdge/lib/mono/unityjit'
Mono config path = 'C:/Program Files/Unity/Hub/Editor/2020.3.5f1/Editor/Data/MonoBleedingEdge/etc'
Using monoOptions --debugger-agent=transport=dt_socket,embedding=1,server=y,suspend=n,address=127.0.0.1:56676
Begin MonoManager ReloadAssembly
Registering precompiled unity dll's ...
Register platform support module: C:/Program Files/Unity/Hub/Editor/2020.3.5f1/Editor/Data/PlaybackEngines/WebGLSupport/UnityEditor.WebGL.Extensions.dll
Register platform support module: C:/Program Files/Unity/Hub/Editor/2020.3.5f1/Editor/Data/PlaybackEngines/WindowsStandaloneSupport/UnityEditor.WindowsStandalone.Extensions.dll
Registered in 0.002175 seconds.
Native extension for WindowsStandalone target not found
Native extension for WebGL target not found
Refreshing native plugins compatible for Editor in 33.37 ms, found 1 plugins.
Preloading 0 native plugins for Editor in 0.00 ms.
Mono: successfully reloaded assembly
- Completed reload, in  1.079 seconds
Platform modules already initialized, skipping
Registering precompiled user dll's ...
Registered in 0.000987 seconds.
Begin MonoManager ReloadAssembly
Native extension for WindowsStandalone target not found
Native extension for WebGL target not found
Refreshing native plugins compatible for Editor in 42.32 ms, found 1 plugins.
Preloading 0 native plugins for Editor in 0.00 ms.
Mono: successfully reloaded assembly
- Completed reload, in  1.014 seconds
Platform modules already initialized, skipping
========================================================================
Worker process is ready to serve import requests
Launched and connected shader compiler UnityShaderCompiler.exe after 0.05 seconds
Refreshing native plugins compatible for Editor in 0.34 ms, found 1 plugins.
Preloading 0 native plugins for Editor in 0.00 ms.
Unloading 1808 Unused Serialized files (Serialized files now loaded: 0)
System memory in use before: 84.8 MB.
System memory in use after: 84.8 MB.

Unloading 24 unused Assets to reduce memory usage. Loaded Objects now: 2250.
Total: 2.330100 ms (FindLiveObjects: 0.221000 ms CreateObjectMapping: 0.078400 ms MarkObjects: 1.906100 ms  DeleteObjects: 0.123100 ms)

========================================================================
Received Import Request.
  path: Assets
  artifactKey: Guid(00000000000000001000000000000000) Importer(815301076,1909f56bfc062723c751e8b465ee728b)
Start importing Assets using Guid(00000000000000001000000000000000) Importer(815301076,1909f56bfc062723c751e8b465ee728b)  -> (artifact id: 'e4856052512617ee48189cf1d7999900') in 0.010934 seconds
  Import took 0.015556 seconds .

========================================================================
Received Import Request.
  Time since last request: 3.648765 seconds.
  path: Assets/healing.png
  artifactKey: Guid(3af61224737182b409a9d4c137ad2275) Importer(815301076,1909f56bfc062723c751e8b465ee728b)
Start importing Assets/healing.png using Guid(3af61224737182b409a9d4c137ad2275) Importer(815301076,1909f56bfc062723c751e8b465ee728b)  -> (artifact id: '604021f13994179231b292fb1bc32557') in 0.093542 seconds
  Import took 0.097815 seconds .

========================================================================
Received Import Request.
  Time since last request: 0.000285 seconds.
  path: Assets/hit.png
  artifactKey: Guid(6cb183cd41d17104d94bf051114ed764) Importer(815301076,1909f56bfc062723c751e8b465ee728b)
Start importing Assets/hit.png using Guid(6cb183cd41d17104d94bf051114ed764) Importer(815301076,1909f56bfc062723c751e8b465ee728b)  -> (artifact id: '2767296f204d86f02b8f89f5503fbf7d') in 0.023263 seconds
  Import took 0.028364 seconds .

========================================================================
Received Import Request.
  Time since last request: 0.000368 seconds.
  path: Assets/Healthbar.png
  artifactKey: Guid(b9c3a667607f1324387f9134c44c0b54) Importer(815301076,1909f56bfc062723c751e8b465ee728b)
Start importing Assets/Healthbar.png using Guid(b9c3a667607f1324387f9134c44c0b54) Importer(815301076,1909f56bfc062723c751e8b465ee728b)  -> (artifact id: '5cdf170262dfb81ec700ca086f9a8a59') in 0.029932 seconds
  Import took 0.038642 seconds .

========================================================================
Received Import Request.
  Time since last request: 0.003699 seconds.
  path: Assets/Healthbar.png
  artifactKey: Guid(b9c3a667607f1324387f9134c44c0b54) Importer(815301076,1909f56bfc062723c751e8b465ee728b)
Start importing Assets/Healthbar.png using Guid(b9c3a667607f1324387f9134c44c0b54) Importer(815301076,1909f56bfc062723c751e8b465ee728b)  -> (artifact id: '5cdf170262dfb81ec700ca086f9a8a59') in 0.008851 seconds
  Import took 0.013285 seconds .

========================================================================
Received Import Request.
  Time since last request: 9.556158 seconds.
  path: Assets/Sprites
  artifactKey: Guid(6168d6c88b7c754439192496de56c984) Importer(815301076,1909f56bfc062723c751e8b465ee728b)
Start importing Assets/Sprites using Guid(6168d6c88b7c754439192496de56c984) Importer(815301076,1909f56bfc062723c751e8b465ee728b)  -> (artifact id: 'b17b5e4c6a3c2f0112a9e2bb2a518927') in 0.013181 seconds
  Import took 0.017487 seconds .

========================================================================
Received Import Request.
  Time since last request: 403.756396 seconds.
  path: Assets/Scripts
  artifactKey: Guid(60f38b86b8477b346908f174863c2cdb) Importer(815301076,1909f56bfc062723c751e8b465ee728b)
Start importing Assets/Scripts using Guid(60f38b86b8477b346908f174863c2cdb) Importer(815301076,1909f56bfc062723c751e8b465ee728b)  -> (artifact id: 'a84f8214a7a088a9d705d557d9f6c7f4') in 0.010685 seconds
  Import took 0.016870 seconds .

========================================================================
Received Import Request.
  Time since last request: 9.677521 seconds.
  path: Assets/Scripts/HealthBar.cs
  artifactKey: Guid(c8c4cade41b5cc74bad6884d1ccb13f6) Importer(815301076,1909f56bfc062723c751e8b465ee728b)
Start importing Assets/Scripts/HealthBar.cs using Guid(c8c4cade41b5cc74bad6884d1ccb13f6) Importer(815301076,1909f56bfc062723c751e8b465ee728b)  -> (artifact id: '1ae3ca3d57af3d859c924cf70da970cc') in 0.012457 seconds
  Import took 0.017437 seconds .

========================================================================
Received Import Request.
  Time since last request: 0.076591 seconds.
  path: Assets/Scripts/HealthBar.cs
  artifactKey: Guid(c8c4cade41b5cc74bad6884d1ccb13f6) Importer(815301076,1909f56bfc062723c751e8b465ee728b)
Start importing Assets/Scripts/HealthBar.cs using Guid(c8c4cade41b5cc74bad6884d1ccb13f6) Importer(815301076,1909f56bfc062723c751e8b465ee728b)  -> (artifact id: '1ae3ca3d57af3d859c924cf70da970cc') in 0.003800 seconds
  Import took 0.008499 seconds .

========================================================================
Received Prepare
Registering precompiled user dll's ...
Registered in 0.000787 seconds.
Begin MonoManager ReloadAssembly
Native extension for WindowsStandalone target not found
Native extension for WebGL target not found
Refreshing native plugins compatible for Editor in 0.36 ms, found 1 plugins.
Preloading 0 native plugins for Editor in 0.00 ms.
Mono: successfully reloaded assembly
- Completed reload, in  0.943 seconds
Platform modules already initialized, skipping
Refreshing native plugins compatible for Editor in 0.33 ms, found 1 plugins.
Preloading 0 native plugins for Editor in 0.00 ms.
Unloading 1804 Unused Serialized files (Serialized files now loaded: 0)
System memory in use before: 87.9 MB.
System memory in use after: 87.9 MB.

Unloading 12 unused Assets to reduce memory usage. Loaded Objects now: 2263.
Total: 5.579800 ms (FindLiveObjects: 0.422600 ms CreateObjectMapping: 0.170700 ms MarkObjects: 4.722000 ms  DeleteObjects: 0.260300 ms)

========================================================================
Received Prepare
Registering precompiled user dll's ...
Registered in 0.002049 seconds.
Begin MonoManager ReloadAssembly
Native extension for WindowsStandalone target not found
Native extension for WebGL target not found
Refreshing native plugins compatible for Editor in 0.41 ms, found 1 plugins.
Preloading 0 native plugins for Editor in 0.00 ms.
Mono: successfully reloaded assembly
- Completed reload, in  0.885 seconds
Platform modules already initialized, skipping
Refreshing native plugins compatible for Editor in 0.39 ms, found 1 plugins.
Preloading 0 native plugins for Editor in 0.00 ms.
Unloading 1804 Unused Serialized files (Serialized files now loaded: 0)
System memory in use before: 87.9 MB.
System memory in use after: 87.9 MB.

Unloading 12 unused Assets to reduce memory usage. Loaded Objects now: 2267.
Total: 2.084800 ms (FindLiveObjects: 0.251800 ms CreateObjectMapping: 0.147900 ms MarkObjects: 1.580400 ms  DeleteObjects: 0.103800 ms)

========================================================================
Received Import Request.
  Time since last request: 87.425501 seconds.
  path: Assets/Scripts/HealthBar.cs
  artifactKey: Guid(c8c4cade41b5cc74bad6884d1ccb13f6) Importer(815301076,1909f56bfc062723c751e8b465ee728b)
Start importing Assets/Scripts/HealthBar.cs using Guid(c8c4cade41b5cc74bad6884d1ccb13f6) Importer(815301076,1909f56bfc062723c751e8b465ee728b)  -> (artifact id: '3943a92f7b4ce354a44f8e56979d0522') in 0.004525 seconds
  Import took 0.009025 seconds .

========================================================================
Received Prepare
Registering precompiled user dll's ...
Registered in 0.000936 seconds.
Begin MonoManager ReloadAssembly
Native extension for WindowsStandalone target not found
Native extension for WebGL target not found
Refreshing native plugins compatible for Editor in 0.39 ms, found 1 plugins.
Preloading 0 native plugins for Editor in 0.00 ms.
Mono: successfully reloaded assembly
- Completed reload, in  1.017 seconds
Platform modules already initialized, skipping
Refreshing native plugins compatible for Editor in 0.43 ms, found 1 plugins.
Preloading 0 native plugins for Editor in 0.00 ms.
Unloading 1804 Unused Serialized files (Serialized files now loaded: 0)
System memory in use before: 87.9 MB.
System memory in use after: 87.9 MB.

Unloading 12 unused Assets to reduce memory usage. Loaded Objects now: 2271.
Total: 2.150100 ms (FindLiveObjects: 0.229100 ms CreateObjectMapping: 0.078000 ms MarkObjects: 1.740600 ms  DeleteObjects: 0.101100 ms)

========================================================================
Received Prepare
Registering precompiled user dll's ...
Registered in 0.000848 seconds.
Begin MonoManager ReloadAssembly
Native extension for WindowsStandalone target not found
Native extension for WebGL target not found
Refreshing native plugins compatible for Editor in 0.40 ms, found 1 plugins.
Preloading 0 native plugins for Editor in 0.00 ms.
Mono: successfully reloaded assembly
- Completed reload, in  0.805 seconds
Platform modules already initialized, skipping
Refreshing native plugins compatible for Editor in 0.33 ms, found 1 plugins.
Preloading 0 native plugins for Editor in 0.00 ms.
Unloading 1804 Unused Serialized files (Serialized files now loaded: 0)
System memory in use before: 88.0 MB.
System memory in use after: 88.0 MB.

Unloading 12 unused Assets to reduce memory usage. Loaded Objects now: 2275.
Total: 2.235500 ms (FindLiveObjects: 0.243600 ms CreateObjectMapping: 0.074000 ms MarkObjects: 1.812900 ms  DeleteObjects: 0.104000 ms)

========================================================================
Received Prepare
Registering precompiled user dll's ...
Registered in 0.000896 seconds.
Begin MonoManager ReloadAssembly
Native extension for WindowsStandalone target not found
Native extension for WebGL target not found
Refreshing native plugins compatible for Editor in 0.32 ms, found 1 plugins.
Preloading 0 native plugins for Editor in 0.00 ms.
Mono: successfully reloaded assembly
- Completed reload, in  0.797 seconds
Platform modules already initialized, skipping
Refreshing native plugins compatible for Editor in 0.35 ms, found 1 plugins.
Preloading 0 native plugins for Editor in 0.00 ms.
Unloading 1804 Unused Serialized files (Serialized files now loaded: 0)
System memory in use before: 88.0 MB.
System memory in use after: 88.0 MB.

Unloading 12 unused Assets to reduce memory usage. Loaded Objects now: 2279.
Total: 2.028200 ms (FindLiveObjects: 0.193500 ms CreateObjectMapping: 0.067600 ms MarkObjects: 1.665900 ms  DeleteObjects: 0.100200 ms)

========================================================================
Received Prepare
Registering precompiled user dll's ...
Registered in 0.000887 seconds.
Begin MonoManager ReloadAssembly
Native extension for WindowsStandalone target not found
Native extension for WebGL target not found
Refreshing native plugins compatible for Editor in 0.38 ms, found 1 plugins.
Preloading 0 native plugins for Editor in 0.00 ms.
Mono: successfully reloaded assembly
- Completed reload, in  0.857 seconds
Platform modules already initialized, skipping
Refreshing native plugins compatible for Editor in 0.35 ms, found 1 plugins.
Preloading 0 native plugins for Editor in 0.00 ms.
Unloading 1804 Unused Serialized files (Serialized files now loaded: 0)
System memory in use before: 88.0 MB.
System memory in use after: 88.0 MB.

Unloading 12 unused Assets to reduce memory usage. Loaded Objects now: 2283.
Total: 1.903000 ms (FindLiveObjects: 0.210900 ms CreateObjectMapping: 0.067300 ms MarkObjects: 1.529500 ms  DeleteObjects: 0.094100 ms)

========================================================================
Received Prepare
Registering precompiled user dll's ...
Registered in 0.001011 seconds.
Begin MonoManager ReloadAssembly
Native extension for WindowsStandalone target not found
Native extension for WebGL target not found
Refreshing native plugins compatible for Editor in 0.32 ms, found 1 plugins.
Preloading 0 native plugins for Editor in 0.00 ms.
Mono: successfully reloaded assembly
- Completed reload, in  0.888 seconds
Platform modules already initialized, skipping
Refreshing native plugins compatible for Editor in 0.34 ms, found 1 plugins.
Preloading 0 native plugins for Editor in 0.00 ms.
Unloading 1804 Unused Serialized files (Serialized files now loaded: 0)
System memory in use before: 88.0 MB.
System memory in use after: 88.0 MB.

Unloading 12 unused Assets to reduce memory usage. Loaded Objects now: 2287.
Total: 2.118000 ms (FindLiveObjects: 0.207700 ms CreateObjectMapping: 0.072100 ms MarkObjects: 1.744600 ms  DeleteObjects: 0.092200 ms)

========================================================================
Received Prepare
Registering precompiled user dll's ...
Registered in 0.000846 seconds.
Begin MonoManager ReloadAssembly
Native extension for WindowsStandalone target not found
Native extension for WebGL target not found
Refreshing native plugins compatible for Editor in 0.49 ms, found 1 plugins.
Preloading 0 native plugins for Editor in 0.00 ms.
Mono: successfully reloaded assembly
- Completed reload, in  0.950 seconds
Platform modules already initialized, skipping
Refreshing native plugins compatible for Editor in 0.37 ms, found 1 plugins.
Preloading 0 native plugins for Editor in 0.00 ms.
Unloading 1804 Unused Serialized files (Serialized files now loaded: 0)
System memory in use before: 88.0 MB.
System memory in use after: 88.0 MB.

Unloading 12 unused Assets to reduce memory usage. Loaded Objects now: 2291.
Total: 1.904700 ms (FindLiveObjects: 0.183300 ms CreateObjectMapping: 0.062600 ms MarkObjects: 1.558200 ms  DeleteObjects: 0.099800 ms)

========================================================================
Received Import Request.
  Time since last request: 998.191845 seconds.
  path: Assets/Scripts/ButtonHealing.cs
  artifactKey: Guid(1ccfb2dd04b939649883fcf1a8175442) Importer(815301076,1909f56bfc062723c751e8b465ee728b)
Start importing Assets/Scripts/ButtonHealing.cs using Guid(1ccfb2dd04b939649883fcf1a8175442) Importer(815301076,1909f56bfc062723c751e8b465ee728b)  -> (artifact id: '5df60957ff4e5f1c75157eeb39fd46ad') in 0.013386 seconds
  Import took 0.018199 seconds .

========================================================================
Received Prepare
Registering precompiled user dll's ...
Registered in 0.000790 seconds.
Begin MonoManager ReloadAssembly
Native extension for WindowsStandalone target not found
Native extension for WebGL target not found
Refreshing native plugins compatible for Editor in 0.43 ms, found 1 plugins.
Preloading 0 native plugins for Editor in 0.00 ms.
Mono: successfully reloaded assembly
- Completed reload, in  0.862 seconds
Platform modules already initialized, skipping
Refreshing native plugins compatible for Editor in 0.37 ms, found 1 plugins.
Preloading 0 native plugins for Editor in 0.00 ms.
Unloading 1805 Unused Serialized files (Serialized files now loaded: 0)
System memory in use before: 88.1 MB.
System memory in use after: 88.0 MB.

Unloading 12 unused Assets to reduce memory usage. Loaded Objects now: 2296.
Total: 2.024900 ms (FindLiveObjects: 0.225400 ms CreateObjectMapping: 0.056100 ms MarkObjects: 1.642800 ms  DeleteObjects: 0.099300 ms)

========================================================================
Received Import Request.
  Time since last request: 10.146105 seconds.
  path: Assets/Scripts/ButtonHit.cs
  artifactKey: Guid(21010958b8dff08468a30fed1119eba1) Importer(815301076,1909f56bfc062723c751e8b465ee728b)
Start importing Assets/Scripts/ButtonHit.cs using Guid(21010958b8dff08468a30fed1119eba1) Importer(815301076,1909f56bfc062723c751e8b465ee728b)  -> (artifact id: 'e1439675fa44e2bcf86d8b97ff146397') in 0.012699 seconds
  Import took 0.016481 seconds .

========================================================================
Received Prepare
Registering precompiled user dll's ...
Registered in 0.000784 seconds.
Begin MonoManager ReloadAssembly
Native extension for WindowsStandalone target not found
Native extension for WebGL target not found
Refreshing native plugins compatible for Editor in 0.95 ms, found 1 plugins.
Preloading 0 native plugins for Editor in 0.00 ms.
Mono: successfully reloaded assembly
- Completed reload, in  0.924 seconds
Platform modules already initialized, skipping
Refreshing native plugins compatible for Editor in 0.37 ms, found 1 plugins.
Preloading 0 native plugins for Editor in 0.00 ms.
Unloading 1806 Unused Serialized files (Serialized files now loaded: 0)
System memory in use before: 88.1 MB.
System memory in use after: 88.1 MB.

Unloading 12 unused Assets to reduce memory usage. Loaded Objects now: 2301.
Total: 2.128700 ms (FindLiveObjects: 0.264900 ms CreateObjectMapping: 0.078600 ms MarkObjects: 1.681600 ms  DeleteObjects: 0.102400 ms)

========================================================================
Received Import Request.
  Time since last request: 4.133801 seconds.
  path: Assets/Scripts/HealthBar.cs
  artifactKey: Guid(c8c4cade41b5cc74bad6884d1ccb13f6) Importer(815301076,1909f56bfc062723c751e8b465ee728b)
Start importing Assets/Scripts/HealthBar.cs using Guid(c8c4cade41b5cc74bad6884d1ccb13f6) Importer(815301076,1909f56bfc062723c751e8b465ee728b)  -> (artifact id: 'f2a7d6ec2ad5b56ffc2eb2059c4fd691') in 0.008605 seconds
  Import took 0.015526 seconds .

========================================================================
Received Prepare
Registering precompiled user dll's ...
Registered in 0.002230 seconds.
Begin MonoManager ReloadAssembly
Native extension for WindowsStandalone target not found
Native extension for WebGL target not found
Refreshing native plugins compatible for Editor in 0.40 ms, found 1 plugins.
Preloading 0 native plugins for Editor in 0.00 ms.
Mono: successfully reloaded assembly
- Completed reload, in  0.926 seconds
Platform modules already initialized, skipping
Refreshing native plugins compatible for Editor in 0.34 ms, found 1 plugins.
Preloading 0 native plugins for Editor in 0.00 ms.
Unloading 1816 Unused Serialized files (Serialized files now loaded: 0)
System memory in use before: 88.5 MB.
System memory in use after: 88.4 MB.

Unloading 15 unused Assets to reduce memory usage. Loaded Objects now: 2318.
Total: 2.265200 ms (FindLiveObjects: 0.298800 ms CreateObjectMapping: 0.093100 ms MarkObjects: 1.771500 ms  DeleteObjects: 0.100600 ms)

========================================================================
Received Prepare
Registering precompiled user dll's ...
Registered in 0.004428 seconds.
Begin MonoManager ReloadAssembly
Native extension for WindowsStandalone target not found
Native extension for WebGL target not found
Refreshing native plugins compatible for Editor in 0.36 ms, found 1 plugins.
Preloading 0 native plugins for Editor in 0.00 ms.
Mono: successfully reloaded assembly
- Completed reload, in  0.845 seconds
Platform modules already initialized, skipping
Refreshing native plugins compatible for Editor in 0.38 ms, found 1 plugins.
Preloading 0 native plugins for Editor in 0.00 ms.
Unloading 1816 Unused Serialized files (Serialized files now loaded: 0)
System memory in use before: 88.5 MB.
System memory in use after: 88.4 MB.

Unloading 15 unused Assets to reduce memory usage. Loaded Objects now: 2322.
Total: 2.530500 ms (FindLiveObjects: 0.241800 ms CreateObjectMapping: 0.092100 ms MarkObjects: 2.058600 ms  DeleteObjects: 0.136300 ms)

========================================================================
Received Prepare
Registering precompiled user dll's ...
Registered in 0.001671 seconds.
Begin MonoManager ReloadAssembly
Native extension for WindowsStandalone target not found
Native extension for WebGL target not found
Refreshing native plugins compatible for Editor in 0.49 ms, found 1 plugins.
Preloading 0 native plugins for Editor in 0.00 ms.
Mono: successfully reloaded assembly
- Completed reload, in  0.909 seconds
Platform modules already initialized, skipping
Refreshing native plugins compatible for Editor in 0.35 ms, found 1 plugins.
Preloading 0 native plugins for Editor in 0.00 ms.
Unloading 1815 Unused Serialized files (Serialized files now loaded: 0)
System memory in use before: 88.4 MB.
System memory in use after: 88.4 MB.

Unloading 14 unused Assets to reduce memory usage. Loaded Objects now: 2326.
Total: 2.118900 ms (FindLiveObjects: 0.179000 ms CreateObjectMapping: 0.058200 ms MarkObjects: 1.781100 ms  DeleteObjects: 0.099400 ms)

========================================================================
Received Prepare
Registering precompiled user dll's ...
Registered in 0.001486 seconds.
Begin MonoManager ReloadAssembly
Native extension for WindowsStandalone target not found
Native extension for WebGL target not found
Refreshing native plugins compatible for Editor in 0.37 ms, found 1 plugins.
Preloading 0 native plugins for Editor in 0.00 ms.
Mono: successfully reloaded assembly
- Completed reload, in  0.894 seconds
Platform modules already initialized, skipping
Refreshing native plugins compatible for Editor in 0.40 ms, found 1 plugins.
Preloading 0 native plugins for Editor in 0.00 ms.
Unloading 1815 Unused Serialized files (Serialized files now loaded: 0)
System memory in use before: 88.4 MB.
System memory in use after: 88.4 MB.

Unloading 14 unused Assets to reduce memory usage. Loaded Objects now: 2330.
Total: 2.205000 ms (FindLiveObjects: 0.205700 ms CreateObjectMapping: 0.080600 ms MarkObjects: 1.801400 ms  DeleteObjects: 0.116200 ms)

========================================================================
Received Import Request.
  Time since last request: 461.418548 seconds.
  path: Assets/Scripts/ButtonHealing.cs
  artifactKey: Guid(1ccfb2dd04b939649883fcf1a8175442) Importer(815301076,1909f56bfc062723c751e8b465ee728b)
Start importing Assets/Scripts/ButtonHealing.cs using Guid(1ccfb2dd04b939649883fcf1a8175442) Importer(815301076,1909f56bfc062723c751e8b465ee728b)  -> (artifact id: 'a05c25ce1e43ce913c59da7be8979825') in 0.006041 seconds
  Import took 0.011870 seconds .

========================================================================
Received Prepare
Registering precompiled user dll's ...
Registered in 0.001527 seconds.
Begin MonoManager ReloadAssembly
Native extension for WindowsStandalone target not found
Native extension for WebGL target not found
Refreshing native plugins compatible for Editor in 0.33 ms, found 1 plugins.
Preloading 0 native plugins for Editor in 0.00 ms.
Mono: successfully reloaded assembly
- Completed reload, in  0.799 seconds
Platform modules already initialized, skipping
Refreshing native plugins compatible for Editor in 0.36 ms, found 1 plugins.
Preloading 0 native plugins for Editor in 0.00 ms.
Unloading 1828 Unused Serialized files (Serialized files now loaded: 0)
System memory in use before: 90.4 MB.
System memory in use after: 89.8 MB.

Unloading 27 unused Assets to reduce memory usage. Loaded Objects now: 2334.
Total: 2.108300 ms (FindLiveObjects: 0.189300 ms CreateObjectMapping: 0.051900 ms MarkObjects: 1.512300 ms  DeleteObjects: 0.353900 ms)

========================================================================
Received Import Request.
  Time since last request: 443.874816 seconds.
  path: Assets/Scripts/ButtonHealing.cs
  artifactKey: Guid(1ccfb2dd04b939649883fcf1a8175442) Importer(815301076,1909f56bfc062723c751e8b465ee728b)
Start importing Assets/Scripts/ButtonHealing.cs using Guid(1ccfb2dd04b939649883fcf1a8175442) Importer(815301076,1909f56bfc062723c751e8b465ee728b)  -> (artifact id: 'db07269d970057e6536d8da86a348b7d') in 0.004514 seconds
  Import took 0.007216 seconds .

========================================================================
Received Prepare
Registering precompiled user dll's ...
Registered in 0.002387 seconds.
Begin MonoManager ReloadAssembly
Native extension for WindowsStandalone target not found
Native extension for WebGL target not found
Refreshing native plugins compatible for Editor in 0.38 ms, found 1 plugins.
Preloading 0 native plugins for Editor in 0.00 ms.
Mono: successfully reloaded assembly
- Completed reload, in  0.784 seconds
Platform modules already initialized, skipping
Refreshing native plugins compatible for Editor in 0.36 ms, found 1 plugins.
Preloading 0 native plugins for Editor in 0.00 ms.
Unloading 1828 Unused Serialized files (Serialized files now loaded: 0)
System memory in use before: 90.5 MB.
System memory in use after: 89.8 MB.

Unloading 27 unused Assets to reduce memory usage. Loaded Objects now: 2338.
Total: 3.174000 ms (FindLiveObjects: 0.377900 ms CreateObjectMapping: 0.148500 ms MarkObjects: 2.133200 ms  DeleteObjects: 0.512900 ms)

========================================================================
Received Import Request.
  Time since last request: 119.827639 seconds.
  path: Assets/Scripts/HealthBar.cs
  artifactKey: Guid(c8c4cade41b5cc74bad6884d1ccb13f6) Importer(815301076,1909f56bfc062723c751e8b465ee728b)
Start importing Assets/Scripts/HealthBar.cs using Guid(c8c4cade41b5cc74bad6884d1ccb13f6) Importer(815301076,1909f56bfc062723c751e8b465ee728b)  -> (artifact id: 'c6b46f4bdca35c16eb78e08349b966ed') in 0.014527 seconds
  Import took 0.018080 seconds .

========================================================================
Received Import Request.
  Time since last request: 0.002191 seconds.
  path: Assets/Scripts/HealthBar.cs
  artifactKey: Guid(c8c4cade41b5cc74bad6884d1ccb13f6) Importer(815301076,1909f56bfc062723c751e8b465ee728b)
Start importing Assets/Scripts/HealthBar.cs using Guid(c8c4cade41b5cc74bad6884d1ccb13f6) Importer(815301076,1909f56bfc062723c751e8b465ee728b)  -> (artifact id: 'c6b46f4bdca35c16eb78e08349b966ed') in 0.003168 seconds
  Import took 0.008278 seconds .

========================================================================
Received Prepare
Registering precompiled user dll's ...
Registered in 0.001880 seconds.
Begin MonoManager ReloadAssembly
Native extension for WindowsStandalone target not found
Native extension for WebGL target not found
Refreshing native plugins compatible for Editor in 0.97 ms, found 1 plugins.
Preloading 0 native plugins for Editor in 0.00 ms.
Mono: successfully reloaded assembly
- Completed reload, in  0.940 seconds
Platform modules already initialized, skipping
Refreshing native plugins compatible for Editor in 0.44 ms, found 1 plugins.
Preloading 0 native plugins for Editor in 0.00 ms.
Unloading 1828 Unused Serialized files (Serialized files now loaded: 0)
System memory in use before: 90.5 MB.
System memory in use after: 89.8 MB.

Unloading 27 unused Assets to reduce memory usage. Loaded Objects now: 2342.
Total: 2.457500 ms (FindLiveObjects: 0.215600 ms CreateObjectMapping: 0.080800 ms MarkObjects: 1.755900 ms  DeleteObjects: 0.403400 ms)

========================================================================
Received Prepare
Registering precompiled user dll's ...
Registered in 0.001434 seconds.
Begin MonoManager ReloadAssembly
Native extension for WindowsStandalone target not found
Native extension for WebGL target not found
Refreshing native plugins compatible for Editor in 0.33 ms, found 1 plugins.
Preloading 0 native plugins for Editor in 0.00 ms.
Mono: successfully reloaded assembly
- Completed reload, in  0.883 seconds
Platform modules already initialized, skipping
Refreshing native plugins compatible for Editor in 0.33 ms, found 1 plugins.
Preloading 0 native plugins for Editor in 0.00 ms.
Unloading 1828 Unused Serialized files (Serialized files now loaded: 0)
System memory in use before: 90.5 MB.
System memory in use after: 89.8 MB.

Unloading 27 unused Assets to reduce memory usage. Loaded Objects now: 2346.
Total: 2.668600 ms (FindLiveObjects: 0.244600 ms CreateObjectMapping: 0.097400 ms MarkObjects: 1.976200 ms  DeleteObjects: 0.349300 ms)

========================================================================
Received Prepare
Registering precompiled user dll's ...
Registered in 0.001507 seconds.
Begin MonoManager ReloadAssembly
Native extension for WindowsStandalone target not found
Native extension for WebGL target not found
Refreshing native plugins compatible for Editor in 0.33 ms, found 1 plugins.
Preloading 0 native plugins for Editor in 0.00 ms.
Mono: successfully reloaded assembly
- Completed reload, in  0.867 seconds
Platform modules already initialized, skipping
Refreshing native plugins compatible for Editor in 0.32 ms, found 1 plugins.
Preloading 0 native plugins for Editor in 0.00 ms.
Unloading 1828 Unused Serialized files (Serialized files now loaded: 0)
System memory in use before: 90.5 MB.
System memory in use after: 89.8 MB.

Unloading 27 unused Assets to reduce memory usage. Loaded Objects now: 2350.
Total: 2.957700 ms (FindLiveObjects: 0.239600 ms CreateObjectMapping: 0.081900 ms MarkObjects: 2.139800 ms  DeleteObjects: 0.495000 ms)

========================================================================
Received Prepare
Registering precompiled user dll's ...
Registered in 0.001997 seconds.
Begin MonoManager ReloadAssembly
Native extension for WindowsStandalone target not found
Native extension for WebGL target not found
Refreshing native plugins compatible for Editor in 0.34 ms, found 1 plugins.
Preloading 0 native plugins for Editor in 0.00 ms.
Mono: successfully reloaded assembly
- Completed reload, in  0.761 seconds
Platform modules already initialized, skipping
Refreshing native plugins compatible for Editor in 0.35 ms, found 1 plugins.
Preloading 0 native plugins for Editor in 0.00 ms.
Unloading 1828 Unused Serialized files (Serialized files now loaded: 0)
System memory in use before: 90.5 MB.
System memory in use after: 89.8 MB.

Unloading 27 unused Assets to reduce memory usage. Loaded Objects now: 2354.
Total: 2.376000 ms (FindLiveObjects: 0.209900 ms CreateObjectMapping: 0.074500 ms MarkObjects: 1.708100 ms  DeleteObjects: 0.382800 ms)

========================================================================
Received Prepare
Registering precompiled user dll's ...
Registered in 0.002537 seconds.
Begin MonoManager ReloadAssembly
Native extension for WindowsStandalone target not found
Native extension for WebGL target not found
Refreshing native plugins compatible for Editor in 0.60 ms, found 1 plugins.
Preloading 0 native plugins for Editor in 0.00 ms.
Mono: successfully reloaded assembly
- Completed reload, in  0.794 seconds
Platform modules already initialized, skipping
Refreshing native plugins compatible for Editor in 0.34 ms, found 1 plugins.
Preloading 0 native plugins for Editor in 0.00 ms.
Unloading 1828 Unused Serialized files (Serialized files now loaded: 0)
System memory in use before: 90.5 MB.
System memory in use after: 89.8 MB.

Unloading 27 unused Assets to reduce memory usage. Loaded Objects now: 2358.
Total: 2.367200 ms (FindLiveObjects: 0.184600 ms CreateObjectMapping: 0.086400 ms MarkObjects: 1.740800 ms  DeleteObjects: 0.354000 ms)

========================================================================
Received Import Request.
  Time since last request: 712.759317 seconds.
  path: Assets/Scripts/ButtonHit.cs
  artifactKey: Guid(21010958b8dff08468a30fed1119eba1) Importer(815301076,1909f56bfc062723c751e8b465ee728b)
Start importing Assets/Scripts/ButtonHit.cs using Guid(21010958b8dff08468a30fed1119eba1) Importer(815301076,1909f56bfc062723c751e8b465ee728b)  -> (artifact id: '4e39a613a9ccdf292a9a4223f6793c2f') in 0.008341 seconds
  Import took 0.011181 seconds .

========================================================================
Received Import Request.
  Time since last request: 0.010312 seconds.
  path: Assets/Scripts/ButtonHit.cs
  artifactKey: Guid(21010958b8dff08468a30fed1119eba1) Importer(815301076,1909f56bfc062723c751e8b465ee728b)
Start importing Assets/Scripts/ButtonHit.cs using Guid(21010958b8dff08468a30fed1119eba1) Importer(815301076,1909f56bfc062723c751e8b465ee728b)  -> (artifact id: '4e39a613a9ccdf292a9a4223f6793c2f') in 0.002851 seconds
  Import took 0.006177 seconds .

========================================================================
Received Prepare
Registering precompiled user dll's ...
Registered in 0.001476 seconds.
Begin MonoManager ReloadAssembly
Native extension for WindowsStandalone target not found
Native extension for WebGL target not found
Refreshing native plugins compatible for Editor in 0.36 ms, found 1 plugins.
Preloading 0 native plugins for Editor in 0.00 ms.
Mono: successfully reloaded assembly
- Completed reload, in  0.804 seconds
Platform modules already initialized, skipping
Refreshing native plugins compatible for Editor in 0.37 ms, found 1 plugins.
Preloading 0 native plugins for Editor in 0.00 ms.
Unloading 1828 Unused Serialized files (Serialized files now loaded: 0)
System memory in use before: 90.5 MB.
System memory in use after: 89.8 MB.

Unloading 27 unused Assets to reduce memory usage. Loaded Objects now: 2362.
Total: 2.190800 ms (FindLiveObjects: 0.220900 ms CreateObjectMapping: 0.071100 ms MarkObjects: 1.496400 ms  DeleteObjects: 0.401000 ms)

========================================================================
Received Prepare
Registering precompiled user dll's ...
Registered in 0.001553 seconds.
Begin MonoManager ReloadAssembly
Native extension for WindowsStandalone target not found
Native extension for WebGL target not found
Refreshing native plugins compatible for Editor in 0.33 ms, found 1 plugins.
Preloading 0 native plugins for Editor in 0.00 ms.
Mono: successfully reloaded assembly
- Completed reload, in  0.915 seconds
Platform modules already initialized, skipping
Refreshing native plugins compatible for Editor in 0.36 ms, found 1 plugins.
Preloading 0 native plugins for Editor in 0.00 ms.
Unloading 1828 Unused Serialized files (Serialized files now loaded: 0)
System memory in use before: 90.5 MB.
System memory in use after: 89.8 MB.

Unloading 27 unused Assets to reduce memory usage. Loaded Objects now: 2366.
Total: 2.571900 ms (FindLiveObjects: 0.223500 ms CreateObjectMapping: 0.085100 ms MarkObjects: 1.861500 ms  DeleteObjects: 0.400400 ms)

========================================================================
Received Prepare
Registering precompiled user dll's ...
Registered in 0.001544 seconds.
Begin MonoManager ReloadAssembly
Native extension for WindowsStandalone target not found
Native extension for WebGL target not found
Refreshing native plugins compatible for Editor in 0.33 ms, found 1 plugins.
Preloading 0 native plugins for Editor in 0.00 ms.
Mono: successfully reloaded assembly
- Completed reload, in  0.830 seconds
Platform modules already initialized, skipping
Refreshing native plugins compatible for Editor in 0.34 ms, found 1 plugins.
Preloading 0 native plugins for Editor in 0.00 ms.
Unloading 1828 Unused Serialized files (Serialized files now loaded: 0)
System memory in use before: 90.5 MB.
System memory in use after: 89.8 MB.

Unloading 27 unused Assets to reduce memory usage. Loaded Objects now: 2370.
Total: 3.981700 ms (FindLiveObjects: 0.349300 ms CreateObjectMapping: 0.160100 ms MarkObjects: 2.801400 ms  DeleteObjects: 0.669100 ms)

========================================================================
Received Prepare
Registering precompiled user dll's ...
Registered in 0.001587 seconds.
Begin MonoManager ReloadAssembly
Native extension for WindowsStandalone target not found
Native extension for WebGL target not found
Refreshing native plugins compatible for Editor in 0.64 ms, found 1 plugins.
Preloading 0 native plugins for Editor in 0.00 ms.
Mono: successfully reloaded assembly
- Completed reload, in  0.874 seconds
Platform modules already initialized, skipping
Refreshing native plugins compatible for Editor in 0.60 ms, found 1 plugins.
Preloading 0 native plugins for Editor in 0.00 ms.
Unloading 1828 Unused Serialized files (Serialized files now loaded: 0)
System memory in use before: 90.5 MB.
System memory in use after: 89.9 MB.

Unloading 27 unused Assets to reduce memory usage. Loaded Objects now: 2374.
Total: 3.373000 ms (FindLiveObjects: 0.375800 ms CreateObjectMapping: 0.145600 ms MarkObjects: 2.454300 ms  DeleteObjects: 0.395600 ms)

========================================================================
Received Prepare
Registering precompiled user dll's ...
Registered in 0.001559 seconds.
Begin MonoManager ReloadAssembly
Native extension for WindowsStandalone target not found
Native extension for WebGL target not found
Refreshing native plugins compatible for Editor in 0.33 ms, found 1 plugins.
Preloading 0 native plugins for Editor in 0.00 ms.
Mono: successfully reloaded assembly
- Completed reload, in  0.793 seconds
Platform modules already initialized, skipping
Refreshing native plugins compatible for Editor in 0.39 ms, found 1 plugins.
Preloading 0 native plugins for Editor in 0.00 ms.
Unloading 1828 Unused Serialized files (Serialized files now loaded: 0)
System memory in use before: 90.5 MB.
System memory in use after: 89.9 MB.

Unloading 27 unused Assets to reduce memory usage. Loaded Objects now: 2378.
Total: 2.244800 ms (FindLiveObjects: 0.302200 ms CreateObjectMapping: 0.098700 ms MarkObjects: 1.494500 ms  DeleteObjects: 0.348400 ms)

========================================================================
Received Prepare
Registering precompiled user dll's ...
Registered in 0.001494 seconds.
Begin MonoManager ReloadAssembly
Native extension for WindowsStandalone target not found
Native extension for WebGL target not found
Refreshing native plugins compatible for Editor in 0.35 ms, found 1 plugins.
Preloading 0 native plugins for Editor in 0.00 ms.
Mono: successfully reloaded assembly
- Completed reload, in  0.786 seconds
Platform modules already initialized, skipping
Refreshing native plugins compatible for Editor in 0.35 ms, found 1 plugins.
Preloading 0 native plugins for Editor in 0.00 ms.
Unloading 1828 Unused Serialized files (Serialized files now loaded: 0)
System memory in use before: 90.5 MB.
System memory in use after: 89.9 MB.

Unloading 27 unused Assets to reduce memory usage. Loaded Objects now: 2382.
Total: 2.204300 ms (FindLiveObjects: 0.189900 ms CreateObjectMapping: 0.076800 ms MarkObjects: 1.570700 ms  DeleteObjects: 0.365700 ms)

========================================================================
Received Prepare
Registering precompiled user dll's ...
Registered in 0.002221 seconds.
Begin MonoManager ReloadAssembly
Native extension for WindowsStandalone target not found
Native extension for WebGL target not found
Refreshing native plugins compatible for Editor in 0.33 ms, found 1 plugins.
Preloading 0 native plugins for Editor in 0.00 ms.
Mono: successfully reloaded assembly
- Completed reload, in  0.791 seconds
Platform modules already initialized, skipping
Refreshing native plugins compatible for Editor in 0.34 ms, found 1 plugins.
Preloading 0 native plugins for Editor in 0.00 ms.
Unloading 1828 Unused Serialized files (Serialized files now loaded: 0)
System memory in use before: 90.6 MB.
System memory in use after: 89.9 MB.

Unloading 27 unused Assets to reduce memory usage. Loaded Objects now: 2386.
Total: 2.175100 ms (FindLiveObjects: 0.219900 ms CreateObjectMapping: 0.078400 ms MarkObjects: 1.502800 ms  DeleteObjects: 0.372900 ms)

========================================================================
Received Prepare
Registering precompiled user dll's ...
Registered in 0.001953 seconds.
Begin MonoManager ReloadAssembly
Native extension for WindowsStandalone target not found
Native extension for WebGL target not found
Refreshing native plugins compatible for Editor in 0.34 ms, found 1 plugins.
Preloading 0 native plugins for Editor in 0.00 ms.
Mono: successfully reloaded assembly
- Completed reload, in  0.872 seconds
Platform modules already initialized, skipping
Refreshing native plugins compatible for Editor in 0.35 ms, found 1 plugins.
Preloading 0 native plugins for Editor in 0.00 ms.
Unloading 1828 Unused Serialized files (Serialized files now loaded: 0)
System memory in use before: 90.6 MB.
System memory in use after: 89.9 MB.

Unloading 27 unused Assets to reduce memory usage. Loaded Objects now: 2390.
Total: 3.185600 ms (FindLiveObjects: 0.230700 ms CreateObjectMapping: 0.087900 ms MarkObjects: 2.345600 ms  DeleteObjects: 0.520000 ms)

========================================================================
Received Prepare
Registering precompiled user dll's ...
Registered in 0.001435 seconds.
Begin MonoManager ReloadAssembly
Native extension for WindowsStandalone target not found
Native extension for WebGL target not found
Refreshing native plugins compatible for Editor in 0.55 ms, found 1 plugins.
Preloading 0 native plugins for Editor in 0.00 ms.
Mono: successfully reloaded assembly
- Completed reload, in  0.850 seconds
Platform modules already initialized, skipping
Refreshing native plugins compatible for Editor in 0.37 ms, found 1 plugins.
Preloading 0 native plugins for Editor in 0.00 ms.
Unloading 1828 Unused Serialized files (Serialized files now loaded: 0)
System memory in use before: 90.6 MB.
System memory in use after: 89.9 MB.

Unloading 27 unused Assets to reduce memory usage. Loaded Objects now: 2394.
Total: 2.321100 ms (FindLiveObjects: 0.235300 ms CreateObjectMapping: 0.074400 ms MarkObjects: 1.660500 ms  DeleteObjects: 0.349700 ms)

========================================================================
Received Prepare
Registering precompiled user dll's ...
Registered in 0.001582 seconds.
Begin MonoManager ReloadAssembly
Native extension for WindowsStandalone target not found
Native extension for WebGL target not found
Refreshing native plugins compatible for Editor in 0.33 ms, found 1 plugins.
Preloading 0 native plugins for Editor in 0.00 ms.
Mono: successfully reloaded assembly
- Completed reload, in  0.864 seconds
Platform modules already initialized, skipping
Refreshing native plugins compatible for Editor in 0.34 ms, found 1 plugins.
Preloading 0 native plugins for Editor in 0.00 ms.
Unloading 1828 Unused Serialized files (Serialized files now loaded: 0)
System memory in use before: 90.6 MB.
System memory in use after: 89.9 MB.

Unloading 27 unused Assets to reduce memory usage. Loaded Objects now: 2398.
Total: 2.402500 ms (FindLiveObjects: 0.231900 ms CreateObjectMapping: 0.082700 ms MarkObjects: 1.734700 ms  DeleteObjects: 0.351900 ms)

========================================================================
Received Prepare
Registering precompiled user dll's ...
Registered in 0.003540 seconds.
Begin MonoManager ReloadAssembly
Native extension for WindowsStandalone target not found
Native extension for WebGL target not found
Refreshing native plugins compatible for Editor in 0.73 ms, found 1 plugins.
Preloading 0 native plugins for Editor in 0.00 ms.
Mono: successfully reloaded assembly
- Completed reload, in  1.597 seconds
Platform modules already initialized, skipping
Refreshing native plugins compatible for Editor in 2.15 ms, found 1 plugins.
Preloading 0 native plugins for Editor in 0.00 ms.
Unloading 1828 Unused Serialized files (Serialized files now loaded: 0)
System memory in use before: 90.6 MB.
System memory in use after: 89.9 MB.

Unloading 27 unused Assets to reduce memory usage. Loaded Objects now: 2402.
Total: 5.162300 ms (FindLiveObjects: 0.632600 ms CreateObjectMapping: 0.190400 ms MarkObjects: 3.638900 ms  DeleteObjects: 0.696400 ms)

AssetImportWorkerClient::OnTransportError - code=2 error=End of file
